#
# There is insufficient memory for the Java Runtime Environment to continue.
# Native memory allocation (mmap) failed to map 67108864 bytes for Failed to commit area from 0x00000000fc000000 to 0x0000000100000000 of length 67108864.
# Possible reasons:
#   The system is out of physical RAM or swap space
#   The process is running with CompressedOops enabled, and the Java Heap may be blocking the growth of the native heap
# Possible solutions:
#   Reduce memory load on the system
#   Increase physical memory or swap space
#   Check if swap backing store is full
#   Decrease Java heap size (-Xmx/-Xms)
#   Decrease number of Java threads
#   Decrease Java thread stack sizes (-Xss)
#   Set larger code cache with -XX:ReservedCodeCacheSize=
# This output file may be truncated or incomplete.
#
#  Out of Memory Error (./open/src/hotspot/os/windows/os_windows.cpp:3293), pid=32, tid=5388
#
# JRE version:  (11.0.20+9) (build )
# Java VM: Java HotSpot(TM) 64-Bit Server VM (11.0.20+9-LTS-256, mixed mode, sharing, tiered, compressed oops, g1 gc, windows-amd64)
# No core dump will be written. Minidumps are not enabled by default on client versions of Windows
#

---------------  S U M M A R Y ------------

Command Line: -Xmx64m -Xms64m -Dorg.gradle.appname=gradlew org.gradle.wrapper.GradleWrapperMain tasks

Host: Intel(R) Core(TM) i3-1005G1 CPU @ 1.20GHz, 4 cores, 3G,  Windows 10 , 64 bit Build 19041 (10.0.19041.3570)
Time: Fri Oct 27 14:53:45 2023 India Standard Time elapsed time: 1.660727 seconds (0d 0h 0m 1s)

---------------  T H R E A D  ---------------

Current thread (0x0000014109f12000):  JavaThread "Unknown thread" [_thread_in_vm, id=5388, stack(0x000000129e800000,0x000000129e900000)]

Stack: [0x000000129e800000,0x000000129e900000]
Native frames: (J=compiled Java code, j=interpreted, Vv=VM code, C=native code)
V  [jvm.dll+0x6602ba]
V  [jvm.dll+0x7a32af]
V  [jvm.dll+0x7a4979]
V  [jvm.dll+0x7a5013]
V  [jvm.dll+0x258ef5]
V  [jvm.dll+0x65d619]
V  [jvm.dll+0x652375]
V  [jvm.dll+0x31359d]
V  [jvm.dll+0x313402]
V  [jvm.dll+0x318036]
V  [jvm.dll+0x360130]
V  [jvm.dll+0x35fba2]
V  [jvm.dll+0x2eec28]
V  [jvm.dll+0x2efd35]
V  [jvm.dll+0x77c327]
V  [jvm.dll+0x77dc0f]
V  [jvm.dll+0x36d3d9]
V  [jvm.dll+0x760d0f]
V  [jvm.dll+0x3df467]
V  [jvm.dll+0x3e1511]
C  [jli.dll+0x52e7]
C  [ucrtbase.dll+0x21bb2]
C  [KERNEL32.DLL+0x17344]
C  [ntdll.dll+0x526b1]


---------------  P R O C E S S  ---------------

Threads class SMR info:
_java_thread_list=0x0000014107d90fd0, length=0, elements={
}

Java Threads: ( => current thread )

Other Threads:
  0x0000014109f27000 GCTaskThread "GC Thread#0" [stack: 0x000000129e900000,0x000000129ea00000] [id=4248]
  0x0000014109f2c800 ConcurrentGCThread "G1 Main Marker" [stack: 0x000000129ea00000,0x000000129eb00000] [id=14768]
  0x0000014109f2f800 ConcurrentGCThread "G1 Conc#0" [stack: 0x000000129eb00000,0x000000129ec00000] [id=9336]

[error occurred during error reporting (printing all threads), id 0xc0000005, EXCEPTION_ACCESS_VIOLATION (0xc0000005) at pc=0x00007ffea958f6e7]

VM state:not at safepoint (not fully initialized)

VM Mutex/Monitor currently owned by a thread:  ([mutex/lock_event])
[0x0000014109f0d8a0] Heap_lock - owner thread: 0x0000014109f12000

Heap address: 0x00000000fc000000, size: 64 MB, Compressed Oops mode: Non-zero based: 0x00000000fc000000
Narrow klass base: 0x0000000000000000, Narrow klass shift: 0

GC Heap History (0 events):
No events

Deoptimization events (0 events):
No events

Classes redefined (0 events):
No events

Internal exceptions (0 events):
No events

Events (0 events):
No events


Dynamic libraries:
0x00007ff74cad0000 - 0x00007ff74cae0000 	C:\Program Files\Java\jdk-11\bin\java.exe
0x00007ffee75b0000 - 0x00007ffee77a7000 	C:\Windows\SYSTEM32\ntdll.dll
0x00007ffee6860000 - 0x00007ffee691d000 	C:\Windows\System32\KERNEL32.DLL
0x00007ffee4f70000 - 0x00007ffee5266000 	C:\Windows\System32\KERNELBASE.dll
0x00007ffee4e40000 - 0x00007ffee4f40000 	C:\Windows\System32\ucrtbase.dll
0x00007ffedcbe0000 - 0x00007ffedcbf9000 	C:\Program Files\Java\jdk-11\bin\jli.dll
0x00007ffee6000000 - 0x00007ffee60ae000 	C:\Windows\System32\ADVAPI32.dll
0x00007ffee5c60000 - 0x00007ffee5cfe000 	C:\Windows\System32\msvcrt.dll
0x00007ffee5ea0000 - 0x00007ffee5f3c000 	C:\Windows\System32\sechost.dll
0x00007ffee5d00000 - 0x00007ffee5e26000 	C:\Windows\System32\RPCRT4.dll
0x00007ffedcbc0000 - 0x00007ffedcbdb000 	C:\Program Files\Java\jdk-11\bin\VCRUNTIME140.dll
0x00007ffee6920000 - 0x00007ffee6abe000 	C:\Windows\System32\USER32.dll
0x00007ffee4f40000 - 0x00007ffee4f62000 	C:\Windows\System32\win32u.dll
0x00007ffee60c0000 - 0x00007ffee60ec000 	C:\Windows\System32\GDI32.dll
0x00007ffee54c0000 - 0x00007ffee55da000 	C:\Windows\System32\gdi32full.dll
0x00007ffee5320000 - 0x00007ffee53bd000 	C:\Windows\System32\msvcp_win.dll
0x00007ffedb4d0000 - 0x00007ffedb4da000 	C:\Windows\SYSTEM32\VERSION.dll
0x00007ffecdb20000 - 0x00007ffecddba000 	C:\Windows\WinSxS\amd64_microsoft.windows.common-controls_6595b64144ccf1df_6.0.19041.3570_none_60bb2a3971f3e41a\COMCTL32.dll
0x00007ffee5fd0000 - 0x00007ffee6000000 	C:\Windows\System32\IMM32.DLL
0x00007ffedcca0000 - 0x00007ffedccac000 	C:\Program Files\Java\jdk-11\bin\vcruntime140_1.dll
0x00007ffebb860000 - 0x00007ffebb8ee000 	C:\Program Files\Java\jdk-11\bin\msvcp140.dll
0x00007ffea9290000 - 0x00007ffea9dfd000 	C:\Program Files\Java\jdk-11\bin\server\jvm.dll
0x00007ffee61b0000 - 0x00007ffee61b8000 	C:\Windows\System32\PSAPI.DLL
0x00007ffedcb10000 - 0x00007ffedcb19000 	C:\Windows\SYSTEM32\WSOCK32.dll
0x00007ffed2a00000 - 0x00007ffed2a27000 	C:\Windows\SYSTEM32\WINMM.dll
0x00007ffee5e30000 - 0x00007ffee5e9b000 	C:\Windows\System32\WS2_32.dll
0x00007ffee34c0000 - 0x00007ffee34d2000 	C:\Windows\SYSTEM32\kernel.appcore.dll
0x00007ffedcb00000 - 0x00007ffedcb10000 	C:\Program Files\Java\jdk-11\bin\verify.dll
0x00007ffee2a20000 - 0x00007ffee2c04000 	C:\Windows\SYSTEM32\DBGHELP.DLL
0x00007ffed12e0000 - 0x00007ffed1314000 	C:\Windows\SYSTEM32\dbgcore.DLL
0x00007ffee53c0000 - 0x00007ffee5442000 	C:\Windows\System32\bcryptPrimitives.dll
0x00007ffedc9a0000 - 0x00007ffedc9c8000 	C:\Program Files\Java\jdk-11\bin\java.dll
0x00007ffedc5e0000 - 0x00007ffedc5ea000 	C:\Program Files\Java\jdk-11\bin\jimage.dll
0x00007ffed68d0000 - 0x00007ffed68e7000 	C:\Program Files\Java\jdk-11\bin\zip.dll

dbghelp: loaded successfully - version: 4.0.5 - missing functions: none
symbol engine: initialized successfully - sym options: 0x614 - pdb path: .;C:\Program Files\Java\jdk-11\bin;C:\Windows\SYSTEM32;C:\Windows\WinSxS\amd64_microsoft.windows.common-controls_6595b64144ccf1df_6.0.19041.3570_none_60bb2a3971f3e41a;C:\Program Files\Java\jdk-11\bin\server

VM Arguments:
jvm_args: -Xmx64m -Xms64m -Dorg.gradle.appname=gradlew 
java_command: org.gradle.wrapper.GradleWrapperMain tasks
java_class_path (initial): C:\Users\abhi\Desktop\git_masai\react_native\Thapa_Test\android\\gradle\wrapper\gradle-wrapper.jar
Launcher Type: SUN_STANDARD

[Global flags]
     intx CICompilerCount                          = 3                                         {product} {ergonomic}
     uint ConcGCThreads                            = 1                                         {product} {ergonomic}
     uint G1ConcRefinementThreads                  = 4                                         {product} {ergonomic}
   size_t G1HeapRegionSize                         = 1048576                                   {product} {ergonomic}
    uintx GCDrainStackTargetSize                   = 64                                        {product} {ergonomic}
   size_t InitialHeapSize                          = 67108864                                  {product} {command line}
   size_t MarkStackSize                            = 4194304                                   {product} {ergonomic}
   size_t MaxHeapSize                              = 67108864                                  {product} {command line}
   size_t MinHeapDeltaBytes                        = 1048576                                   {product} {ergonomic}
    uintx NonNMethodCodeHeapSize                   = 5830732                                {pd product} {ergonomic}
    uintx NonProfiledCodeHeapSize                  = 122913754                              {pd product} {ergonomic}
    uintx ProfiledCodeHeapSize                     = 122913754                              {pd product} {ergonomic}
    uintx ReservedCodeCacheSize                    = 251658240                              {pd product} {ergonomic}
     bool SegmentedCodeCache                       = true                                      {product} {ergonomic}
     bool UseCompressedClassPointers               = true                                 {lp64_product} {ergonomic}
     bool UseCompressedOops                        = true                                 {lp64_product} {ergonomic}
     bool UseG1GC                                  = true                                      {product} {ergonomic}
     bool UseLargePagesIndividualAllocation        = false                                  {pd product} {ergonomic}

Logging:
Log output configuration:
 #0: stdout all=warning uptime,level,tags
 #1: stderr all=off uptime,level,tags

Environment Variables:
JAVA_HOME=C:\Program Files\Java\jdk-11
CLASSPATH=C:\Users\abhi\Desktop\git_masai\react_native\Thapa_Test\android\\gradle\wrapper\gradle-wrapper.jar
PATH=C:\Users\abhi\Desktop\git_masai\react_native\Thapa_Test\node_modules\.bin;C:\Users\abhi\Desktop\git_masai\react_native\Thapa_Test\node_modules\.bin;C:\Users\abhi\Desktop\git_masai\react_native\node_modules\.bin;C:\Users\abhi\Desktop\git_masai\node_modules\.bin;C:\Users\abhi\Desktop\node_modules\.bin;C:\Users\abhi\node_modules\.bin;C:\Users\node_modules\.bin;C:\node_modules\.bin;C:\Program Files\nodejs\node_modules\npm\node_modules\@npmcli\run-script\lib\node-gyp-bin;C:\Users\abhi\Desktop\git_masai\react_native\Thapa_Test\node_modules\.bin;C:\Users\abhi\Desktop\git_masai\react_native\Thapa_Test\node_modules\.bin;C:\Users\abhi\Desktop\git_masai\react_native\node_modules\.bin;C:\Users\abhi\Desktop\git_masai\node_modules\.bin;C:\Users\abhi\Desktop\node_modules\.bin;C:\Users\abhi\node_modules\.bin;C:\Users\node_modules\.bin;C:\node_modules\.bin;C:\Program Files\nodejs\node_modules\npm\node_modules\@npmcli\run-script\lib\node-gyp-bin;C:\Python312\Scripts\;C:\Python312\;C:\Program Files\Common Files\Oracle\Java\javapath;C:\Windows\system32;C:\Windows;C:\Windows\System32\Wbem;C:\Windows\System32\WindowsPowerShell\v1.0\;C:\Windows\System32\OpenSSH\;C:\Program Files\Git\cmd;C:\Program Files\MongoDB\Server\6.0\bin;C:\Program Files\MongoDB\Tools\100\bin;C:\Users\abhi\AppData\Local\Android\Sdk\cmdline-tools\latest;C:\Users\abhi\AppData\Local\Android\Sdk;C:\Users\abhi\AppData\Local\Android\Sdk\emulator;C:\Users\abhi\AppData\Local\Android\Sdk\platform-tools;C:\Program Files\nodejs\;C:\ProgramData\chocolatey\bin;C:\Users\abhi\AppData\Local\Android\Sdk\tools;C:\Users\abhi\AppData\Local\Programs\Python\Python310\Scripts\;C:\Users\abhi\AppData\Local\Programs\Python\Python310\;C:\Users\abhi\AppData\Local\Microsoft\WindowsApps;C:\Users\abhi\AppData\Local\Programs\Microsoft VS Code\bin;C:\Users\abhi\AppData\Roaming\npm
USERNAME=abhi
OS=Windows_NT
PROCESSOR_IDENTIFIER=Intel64 Family 6 Model 126 Stepping 5, GenuineIntel



---------------  S Y S T E M  ---------------

OS: Windows 10 , 64 bit Build 19041 (10.0.19041.3570)

CPU:total 4 (initial active 4) (2 cores per cpu, 2 threads per core) family 6 model 126 stepping 5 microcode 0xbc, cmov, cx8, fxsr, mmx, sse, sse2, sse3, ssse3, sse4.1, sse4.2, popcnt, avx, avx2, aes, clmul, erms, 3dnowpref, lzcnt, ht, tsc, tscinvbit, bmi1, bmi2, adx, evex, sha, fma

Memory: 4k page, system-wide physical 3862M (51M free)
TotalPageFile size 15638M (AvailPageFile size 244M)
current process WorkingSet (physical memory assigned to process): 5M, peak: 7M
current process commit charge ("private bytes"): 51M, peak: 115M

vm_info: Java HotSpot(TM) 64-Bit Server VM (11.0.20+9-LTS-256) for windows-amd64 JRE (11.0.20+9-LTS-256), built on Jun 14 2023 10:34:22 by "mach5one" with MS VC++ 17.1 (VS2022)

END.
